
*** Running vivado
    with args -log design_1_util_ds_buf_0_0.vds -m64 -product Vivado -mode batch -messageDb vivado.pb -notrace -source design_1_util_ds_buf_0_0.tcl



****** Vivado v2022.1 (64-bit)
  **** SW Build 3526262 on Mon Apr 18 15:48:16 MDT 2022
  **** IP Build 3524634 on Mon Apr 18 20:55:01 MDT 2022
    ** Copyright 1986-2022 Xilinx, Inc. All Rights Reserved.

Sourcing tcl script 'C:/Users/raque/AppData/Roaming/Xilinx/Vivado/Vivado_init.tcl'
source design_1_util_ds_buf_0_0.tcl -notrace
WARNING: [Common 17-1361] You have specified a new message control rule that is equivalent to an existing rule with attributes ' -id {[BD 41-1306]}  -suppress '. The existing rule will be replaced.
WARNING: [Common 17-1361] You have specified a new message control rule that is equivalent to an existing rule with attributes ' -id {[BD 41-1271]}  -suppress '. The existing rule will be replaced.
WARNING: [Common 17-1361] You have specified a new message control rule that is equivalent to an existing rule with attributes ' -id {[BD 41-1306]}  -suppress '. The existing rule will be replaced.
WARNING: [Common 17-1361] You have specified a new message control rule that is equivalent to an existing rule with attributes ' -id {[BD 41-1271]}  -suppress '. The existing rule will be replaced.
create_project: Time (s): cpu = 00:00:05 ; elapsed = 00:00:07 . Memory (MB): peak = 1281.734 ; gain = 8.695
INFO: [IP_Flow 19-234] Refreshing IP repositories
INFO: [IP_Flow 19-1700] Loaded user IP repository 'c:/Users/raque/OneDrive/Documentos/master/TFM/Vivado/ip_repo'.
INFO: [IP_Flow 19-2313] Loaded Vivado IP repository 'C:/Xilinx/Vivado/2022.1/data/ip'.
WARNING: [IP_Flow 19-4995] The host OS only allows 260 characters in a normal path. The IP cache path is more than 80 characters. If you experience issues with IP caching, please consider changing the IP cache to a location with a shorter path. Alternately consider using the OS subst command to map part of the path to a drive letter. 
Current IP cache path is c:/Users/raque/OneDrive/Documentos/master/TFM/Vivado/PL_MODEL/pruebas_RF.cache/ip 
Command: synth_design -top design_1_util_ds_buf_0_0 -part xczu48dr-ffvg1517-2-e -incremental_mode off -mode out_of_context
Starting synth_design
Attempting to get a license for feature 'Synthesis' and/or device 'xczu48dr'
INFO: [Common 17-349] Got license for feature 'Synthesis' and/or device 'xczu48dr'
INFO: [Common 17-86] Your Synthesis license expires in 7 day(s)
INFO: [Common 17-1540] The version limit for your license is '2023.07' and has expired for new software. A version limit expiration means that, although you may be able to continue to use the current version of tools or IP with this license, you will not be eligible for new releases.
INFO: [Device 21-403] Loading part xczu48dr-ffvg1517-2-e
INFO: [Synth 8-7079] Multithreading enabled for synth_design using a maximum of 2 processes.
INFO: [Synth 8-7078] Launching helper process for spawning children vivado processes
INFO: [Synth 8-7075] Helper process launched with PID 26184
---------------------------------------------------------------------------------
Starting RTL Elaboration : Time (s): cpu = 00:00:08 ; elapsed = 00:00:23 . Memory (MB): peak = 1734.078 ; gain = 272.449
---------------------------------------------------------------------------------
INFO: [Synth 8-638] synthesizing module 'design_1_util_ds_buf_0_0' [c:/Users/raque/OneDrive/Documentos/master/TFM/Vivado/PL_MODEL/pruebas_RF.gen/sources_1/bd/design_1/ip/design_1_util_ds_buf_0_0/synth/design_1_util_ds_buf_0_0.vhd:63]
	Parameter C_BUF_TYPE bound to: BUFG - type: string 
	Parameter C_SIZE bound to: 1 - type: integer 
	Parameter C_BUFGCE_DIV bound to: 1 - type: integer 
	Parameter C_BUFG_GT_SYNC bound to: 0 - type: integer 
	Parameter C_SIM_DEVICE bound to: VERSAL_AI_CORE_ES1 - type: string 
	Parameter C_OBUFDS_GTE5_ADV bound to: 2'b00 
	Parameter C_REFCLK_ICNTL_TX bound to: 5'b00000 
INFO: [Synth 8-3491] module 'util_ds_buf' declared at 'c:/Users/raque/OneDrive/Documentos/master/TFM/Vivado/PL_MODEL/pruebas_RF.gen/sources_1/bd/design_1/ip/design_1_util_ds_buf_0_0/util_ds_buf.vhd:72' bound to instance 'U0' of component 'util_ds_buf' [c:/Users/raque/OneDrive/Documentos/master/TFM/Vivado/PL_MODEL/pruebas_RF.gen/sources_1/bd/design_1/ip/design_1_util_ds_buf_0_0/synth/design_1_util_ds_buf_0_0.vhd:199]
INFO: [Synth 8-638] synthesizing module 'util_ds_buf' [c:/Users/raque/OneDrive/Documentos/master/TFM/Vivado/PL_MODEL/pruebas_RF.gen/sources_1/bd/design_1/ip/design_1_util_ds_buf_0_0/util_ds_buf.vhd:251]
INFO: [Synth 8-113] binding component instance 'BUFG_U' to cell 'BUFG' [c:/Users/raque/OneDrive/Documentos/master/TFM/Vivado/PL_MODEL/pruebas_RF.gen/sources_1/bd/design_1/ip/design_1_util_ds_buf_0_0/util_ds_buf.vhd:456]
INFO: [Synth 8-256] done synthesizing module 'util_ds_buf' (0#1) [c:/Users/raque/OneDrive/Documentos/master/TFM/Vivado/PL_MODEL/pruebas_RF.gen/sources_1/bd/design_1/ip/design_1_util_ds_buf_0_0/util_ds_buf.vhd:251]
INFO: [Synth 8-256] done synthesizing module 'design_1_util_ds_buf_0_0' (0#1) [c:/Users/raque/OneDrive/Documentos/master/TFM/Vivado/PL_MODEL/pruebas_RF.gen/sources_1/bd/design_1/ip/design_1_util_ds_buf_0_0/synth/design_1_util_ds_buf_0_0.vhd:63]
WARNING: [Synth 8-3848] Net IBUF_OUT in module/entity util_ds_buf does not have driver. [c:/Users/raque/OneDrive/Documentos/master/TFM/Vivado/PL_MODEL/pruebas_RF.gen/sources_1/bd/design_1/ip/design_1_util_ds_buf_0_0/util_ds_buf.vhd:88]
WARNING: [Synth 8-3848] Net IBUF_DS_ODIV2 in module/entity util_ds_buf does not have driver. [c:/Users/raque/OneDrive/Documentos/master/TFM/Vivado/PL_MODEL/pruebas_RF.gen/sources_1/bd/design_1/ip/design_1_util_ds_buf_0_0/util_ds_buf.vhd:89]
WARNING: [Synth 8-3848] Net OBUF_DS_P in module/entity util_ds_buf does not have driver. [c:/Users/raque/OneDrive/Documentos/master/TFM/Vivado/PL_MODEL/pruebas_RF.gen/sources_1/bd/design_1/ip/design_1_util_ds_buf_0_0/util_ds_buf.vhd:94]
WARNING: [Synth 8-3848] Net OBUF_DS_N in module/entity util_ds_buf does not have driver. [c:/Users/raque/OneDrive/Documentos/master/TFM/Vivado/PL_MODEL/pruebas_RF.gen/sources_1/bd/design_1/ip/design_1_util_ds_buf_0_0/util_ds_buf.vhd:95]
WARNING: [Synth 8-3848] Net IOBUF_IO_O in module/entity util_ds_buf does not have driver. [c:/Users/raque/OneDrive/Documentos/master/TFM/Vivado/PL_MODEL/pruebas_RF.gen/sources_1/bd/design_1/ip/design_1_util_ds_buf_0_0/util_ds_buf.vhd:102]
WARNING: [Synth 8-3848] Net BUFGCE_O in module/entity util_ds_buf does not have driver. [c:/Users/raque/OneDrive/Documentos/master/TFM/Vivado/PL_MODEL/pruebas_RF.gen/sources_1/bd/design_1/ip/design_1_util_ds_buf_0_0/util_ds_buf.vhd:114]
WARNING: [Synth 8-3848] Net BUFH_O in module/entity util_ds_buf does not have driver. [c:/Users/raque/OneDrive/Documentos/master/TFM/Vivado/PL_MODEL/pruebas_RF.gen/sources_1/bd/design_1/ip/design_1_util_ds_buf_0_0/util_ds_buf.vhd:119]
WARNING: [Synth 8-3848] Net BUFHCE_O in module/entity util_ds_buf does not have driver. [c:/Users/raque/OneDrive/Documentos/master/TFM/Vivado/PL_MODEL/pruebas_RF.gen/sources_1/bd/design_1/ip/design_1_util_ds_buf_0_0/util_ds_buf.vhd:124]
WARNING: [Synth 8-3848] Net BUFG_FABRIC_O in module/entity util_ds_buf does not have driver. [c:/Users/raque/OneDrive/Documentos/master/TFM/Vivado/PL_MODEL/pruebas_RF.gen/sources_1/bd/design_1/ip/design_1_util_ds_buf_0_0/util_ds_buf.vhd:128]
WARNING: [Synth 8-3848] Net OBUFDS_GTE5_O in module/entity util_ds_buf does not have driver. [c:/Users/raque/OneDrive/Documentos/master/TFM/Vivado/PL_MODEL/pruebas_RF.gen/sources_1/bd/design_1/ip/design_1_util_ds_buf_0_0/util_ds_buf.vhd:133]
WARNING: [Synth 8-3848] Net OBUFDS_GTE5_OB in module/entity util_ds_buf does not have driver. [c:/Users/raque/OneDrive/Documentos/master/TFM/Vivado/PL_MODEL/pruebas_RF.gen/sources_1/bd/design_1/ip/design_1_util_ds_buf_0_0/util_ds_buf.vhd:134]
WARNING: [Synth 8-3848] Net OBUFDS_GTE5_ADV_O in module/entity util_ds_buf does not have driver. [c:/Users/raque/OneDrive/Documentos/master/TFM/Vivado/PL_MODEL/pruebas_RF.gen/sources_1/bd/design_1/ip/design_1_util_ds_buf_0_0/util_ds_buf.vhd:139]
WARNING: [Synth 8-3848] Net OBUFDS_GTE5_ADV_OB in module/entity util_ds_buf does not have driver. [c:/Users/raque/OneDrive/Documentos/master/TFM/Vivado/PL_MODEL/pruebas_RF.gen/sources_1/bd/design_1/ip/design_1_util_ds_buf_0_0/util_ds_buf.vhd:140]
WARNING: [Synth 8-3848] Net OBUFDS_GTE3_O in module/entity util_ds_buf does not have driver. [c:/Users/raque/OneDrive/Documentos/master/TFM/Vivado/PL_MODEL/pruebas_RF.gen/sources_1/bd/design_1/ip/design_1_util_ds_buf_0_0/util_ds_buf.vhd:146]
WARNING: [Synth 8-3848] Net OBUFDS_GTE3_OB in module/entity util_ds_buf does not have driver. [c:/Users/raque/OneDrive/Documentos/master/TFM/Vivado/PL_MODEL/pruebas_RF.gen/sources_1/bd/design_1/ip/design_1_util_ds_buf_0_0/util_ds_buf.vhd:147]
WARNING: [Synth 8-3848] Net OBUFDS_GTE3_ADV_O in module/entity util_ds_buf does not have driver. [c:/Users/raque/OneDrive/Documentos/master/TFM/Vivado/PL_MODEL/pruebas_RF.gen/sources_1/bd/design_1/ip/design_1_util_ds_buf_0_0/util_ds_buf.vhd:152]
WARNING: [Synth 8-3848] Net OBUFDS_GTE3_ADV_OB in module/entity util_ds_buf does not have driver. [c:/Users/raque/OneDrive/Documentos/master/TFM/Vivado/PL_MODEL/pruebas_RF.gen/sources_1/bd/design_1/ip/design_1_util_ds_buf_0_0/util_ds_buf.vhd:153]
WARNING: [Synth 8-3848] Net OBUFDS_GTE4_O in module/entity util_ds_buf does not have driver. [c:/Users/raque/OneDrive/Documentos/master/TFM/Vivado/PL_MODEL/pruebas_RF.gen/sources_1/bd/design_1/ip/design_1_util_ds_buf_0_0/util_ds_buf.vhd:159]
WARNING: [Synth 8-3848] Net OBUFDS_GTE4_OB in module/entity util_ds_buf does not have driver. [c:/Users/raque/OneDrive/Documentos/master/TFM/Vivado/PL_MODEL/pruebas_RF.gen/sources_1/bd/design_1/ip/design_1_util_ds_buf_0_0/util_ds_buf.vhd:160]
WARNING: [Synth 8-3848] Net OBUFDS_GTE4_ADV_O in module/entity util_ds_buf does not have driver. [c:/Users/raque/OneDrive/Documentos/master/TFM/Vivado/PL_MODEL/pruebas_RF.gen/sources_1/bd/design_1/ip/design_1_util_ds_buf_0_0/util_ds_buf.vhd:165]
WARNING: [Synth 8-3848] Net OBUFDS_GTE4_ADV_OB in module/entity util_ds_buf does not have driver. [c:/Users/raque/OneDrive/Documentos/master/TFM/Vivado/PL_MODEL/pruebas_RF.gen/sources_1/bd/design_1/ip/design_1_util_ds_buf_0_0/util_ds_buf.vhd:166]
WARNING: [Synth 8-3848] Net IBUFDS_GTM_O in module/entity util_ds_buf does not have driver. [c:/Users/raque/OneDrive/Documentos/master/TFM/Vivado/PL_MODEL/pruebas_RF.gen/sources_1/bd/design_1/ip/design_1_util_ds_buf_0_0/util_ds_buf.vhd:170]
WARNING: [Synth 8-3848] Net IBUFDS_GTM_ODIV2 in module/entity util_ds_buf does not have driver. [c:/Users/raque/OneDrive/Documentos/master/TFM/Vivado/PL_MODEL/pruebas_RF.gen/sources_1/bd/design_1/ip/design_1_util_ds_buf_0_0/util_ds_buf.vhd:171]
WARNING: [Synth 8-3848] Net OBUFDS_GTM_O in module/entity util_ds_buf does not have driver. [c:/Users/raque/OneDrive/Documentos/master/TFM/Vivado/PL_MODEL/pruebas_RF.gen/sources_1/bd/design_1/ip/design_1_util_ds_buf_0_0/util_ds_buf.vhd:177]
WARNING: [Synth 8-3848] Net OBUFDS_GTM_OB in module/entity util_ds_buf does not have driver. [c:/Users/raque/OneDrive/Documentos/master/TFM/Vivado/PL_MODEL/pruebas_RF.gen/sources_1/bd/design_1/ip/design_1_util_ds_buf_0_0/util_ds_buf.vhd:178]
WARNING: [Synth 8-3848] Net OBUFDS_GTM_ADV_O in module/entity util_ds_buf does not have driver. [c:/Users/raque/OneDrive/Documentos/master/TFM/Vivado/PL_MODEL/pruebas_RF.gen/sources_1/bd/design_1/ip/design_1_util_ds_buf_0_0/util_ds_buf.vhd:185]
WARNING: [Synth 8-3848] Net OBUFDS_GTM_ADV_OB in module/entity util_ds_buf does not have driver. [c:/Users/raque/OneDrive/Documentos/master/TFM/Vivado/PL_MODEL/pruebas_RF.gen/sources_1/bd/design_1/ip/design_1_util_ds_buf_0_0/util_ds_buf.vhd:186]
WARNING: [Synth 8-3848] Net IBUFDS_GTME5_O in module/entity util_ds_buf does not have driver. [c:/Users/raque/OneDrive/Documentos/master/TFM/Vivado/PL_MODEL/pruebas_RF.gen/sources_1/bd/design_1/ip/design_1_util_ds_buf_0_0/util_ds_buf.vhd:189]
WARNING: [Synth 8-3848] Net IBUFDS_GTME5_ODIV2 in module/entity util_ds_buf does not have driver. [c:/Users/raque/OneDrive/Documentos/master/TFM/Vivado/PL_MODEL/pruebas_RF.gen/sources_1/bd/design_1/ip/design_1_util_ds_buf_0_0/util_ds_buf.vhd:190]
WARNING: [Synth 8-3848] Net OBUFDS_GTME5_O in module/entity util_ds_buf does not have driver. [c:/Users/raque/OneDrive/Documentos/master/TFM/Vivado/PL_MODEL/pruebas_RF.gen/sources_1/bd/design_1/ip/design_1_util_ds_buf_0_0/util_ds_buf.vhd:198]
WARNING: [Synth 8-3848] Net OBUFDS_GTME5_OB in module/entity util_ds_buf does not have driver. [c:/Users/raque/OneDrive/Documentos/master/TFM/Vivado/PL_MODEL/pruebas_RF.gen/sources_1/bd/design_1/ip/design_1_util_ds_buf_0_0/util_ds_buf.vhd:199]
WARNING: [Synth 8-3848] Net OBUFDS_GTME5_ADV_O in module/entity util_ds_buf does not have driver. [c:/Users/raque/OneDrive/Documentos/master/TFM/Vivado/PL_MODEL/pruebas_RF.gen/sources_1/bd/design_1/ip/design_1_util_ds_buf_0_0/util_ds_buf.vhd:205]
WARNING: [Synth 8-3848] Net OBUFDS_GTME5_ADV_OB in module/entity util_ds_buf does not have driver. [c:/Users/raque/OneDrive/Documentos/master/TFM/Vivado/PL_MODEL/pruebas_RF.gen/sources_1/bd/design_1/ip/design_1_util_ds_buf_0_0/util_ds_buf.vhd:206]
WARNING: [Synth 8-3848] Net BUFG_GT_O in module/entity util_ds_buf does not have driver. [c:/Users/raque/OneDrive/Documentos/master/TFM/Vivado/PL_MODEL/pruebas_RF.gen/sources_1/bd/design_1/ip/design_1_util_ds_buf_0_0/util_ds_buf.vhd:216]
WARNING: [Synth 8-3848] Net BUFG_PS_O in module/entity util_ds_buf does not have driver. [c:/Users/raque/OneDrive/Documentos/master/TFM/Vivado/PL_MODEL/pruebas_RF.gen/sources_1/bd/design_1/ip/design_1_util_ds_buf_0_0/util_ds_buf.vhd:220]
WARNING: [Synth 8-3848] Net MBUFG_GT_O1 in module/entity util_ds_buf does not have driver. [c:/Users/raque/OneDrive/Documentos/master/TFM/Vivado/PL_MODEL/pruebas_RF.gen/sources_1/bd/design_1/ip/design_1_util_ds_buf_0_0/util_ds_buf.vhd:232]
WARNING: [Synth 8-3848] Net MBUFG_GT_O2 in module/entity util_ds_buf does not have driver. [c:/Users/raque/OneDrive/Documentos/master/TFM/Vivado/PL_MODEL/pruebas_RF.gen/sources_1/bd/design_1/ip/design_1_util_ds_buf_0_0/util_ds_buf.vhd:233]
WARNING: [Synth 8-3848] Net MBUFG_GT_O3 in module/entity util_ds_buf does not have driver. [c:/Users/raque/OneDrive/Documentos/master/TFM/Vivado/PL_MODEL/pruebas_RF.gen/sources_1/bd/design_1/ip/design_1_util_ds_buf_0_0/util_ds_buf.vhd:234]
WARNING: [Synth 8-3848] Net MBUFG_GT_O4 in module/entity util_ds_buf does not have driver. [c:/Users/raque/OneDrive/Documentos/master/TFM/Vivado/PL_MODEL/pruebas_RF.gen/sources_1/bd/design_1/ip/design_1_util_ds_buf_0_0/util_ds_buf.vhd:235]
WARNING: [Synth 8-3848] Net MBUFG_PS_O1 in module/entity util_ds_buf does not have driver. [c:/Users/raque/OneDrive/Documentos/master/TFM/Vivado/PL_MODEL/pruebas_RF.gen/sources_1/bd/design_1/ip/design_1_util_ds_buf_0_0/util_ds_buf.vhd:240]
WARNING: [Synth 8-3848] Net MBUFG_PS_O2 in module/entity util_ds_buf does not have driver. [c:/Users/raque/OneDrive/Documentos/master/TFM/Vivado/PL_MODEL/pruebas_RF.gen/sources_1/bd/design_1/ip/design_1_util_ds_buf_0_0/util_ds_buf.vhd:241]
WARNING: [Synth 8-3848] Net MBUFG_PS_O3 in module/entity util_ds_buf does not have driver. [c:/Users/raque/OneDrive/Documentos/master/TFM/Vivado/PL_MODEL/pruebas_RF.gen/sources_1/bd/design_1/ip/design_1_util_ds_buf_0_0/util_ds_buf.vhd:242]
WARNING: [Synth 8-3848] Net MBUFG_PS_O4 in module/entity util_ds_buf does not have driver. [c:/Users/raque/OneDrive/Documentos/master/TFM/Vivado/PL_MODEL/pruebas_RF.gen/sources_1/bd/design_1/ip/design_1_util_ds_buf_0_0/util_ds_buf.vhd:243]
WARNING: [Synth 8-7129] Port IBUF_OUT[0] in module util_ds_buf is either unconnected or has no load
WARNING: [Synth 8-7129] Port IBUF_DS_ODIV2[0] in module util_ds_buf is either unconnected or has no load
WARNING: [Synth 8-7129] Port OBUF_DS_P[0] in module util_ds_buf is either unconnected or has no load
WARNING: [Synth 8-7129] Port OBUF_DS_N[0] in module util_ds_buf is either unconnected or has no load
WARNING: [Synth 8-7129] Port IOBUF_IO_O[0] in module util_ds_buf is either unconnected or has no load
WARNING: [Synth 8-7129] Port BUFGCE_O[0] in module util_ds_buf is either unconnected or has no load
WARNING: [Synth 8-7129] Port BUFH_O[0] in module util_ds_buf is either unconnected or has no load
WARNING: [Synth 8-7129] Port BUFHCE_O[0] in module util_ds_buf is either unconnected or has no load
WARNING: [Synth 8-7129] Port BUFG_FABRIC_O[0] in module util_ds_buf is either unconnected or has no load
WARNING: [Synth 8-7129] Port OBUFDS_GTE5_O[0] in module util_ds_buf is either unconnected or has no load
WARNING: [Synth 8-7129] Port OBUFDS_GTE5_OB[0] in module util_ds_buf is either unconnected or has no load
WARNING: [Synth 8-7129] Port OBUFDS_GTE5_ADV_O[0] in module util_ds_buf is either unconnected or has no load
WARNING: [Synth 8-7129] Port OBUFDS_GTE5_ADV_OB[0] in module util_ds_buf is either unconnected or has no load
WARNING: [Synth 8-7129] Port OBUFDS_GTE3_O[0] in module util_ds_buf is either unconnected or has no load
WARNING: [Synth 8-7129] Port OBUFDS_GTE3_OB[0] in module util_ds_buf is either unconnected or has no load
WARNING: [Synth 8-7129] Port OBUFDS_GTE3_ADV_O[0] in module util_ds_buf is either unconnected or has no load
WARNING: [Synth 8-7129] Port OBUFDS_GTE3_ADV_OB[0] in module util_ds_buf is either unconnected or has no load
WARNING: [Synth 8-7129] Port OBUFDS_GTE4_O[0] in module util_ds_buf is either unconnected or has no load
WARNING: [Synth 8-7129] Port OBUFDS_GTE4_OB[0] in module util_ds_buf is either unconnected or has no load
WARNING: [Synth 8-7129] Port OBUFDS_GTE4_ADV_O[0] in module util_ds_buf is either unconnected or has no load
WARNING: [Synth 8-7129] Port OBUFDS_GTE4_ADV_OB[0] in module util_ds_buf is either unconnected or has no load
WARNING: [Synth 8-7129] Port IBUFDS_GTM_O[0] in module util_ds_buf is either unconnected or has no load
WARNING: [Synth 8-7129] Port IBUFDS_GTM_ODIV2[0] in module util_ds_buf is either unconnected or has no load
WARNING: [Synth 8-7129] Port OBUFDS_GTM_O[0] in module util_ds_buf is either unconnected or has no load
WARNING: [Synth 8-7129] Port OBUFDS_GTM_OB[0] in module util_ds_buf is either unconnected or has no load
WARNING: [Synth 8-7129] Port OBUFDS_GTM_ADV_O[0] in module util_ds_buf is either unconnected or has no load
WARNING: [Synth 8-7129] Port OBUFDS_GTM_ADV_OB[0] in module util_ds_buf is either unconnected or has no load
WARNING: [Synth 8-7129] Port IBUFDS_GTME5_O[0] in module util_ds_buf is either unconnected or has no load
WARNING: [Synth 8-7129] Port IBUFDS_GTME5_ODIV2[0] in module util_ds_buf is either unconnected or has no load
WARNING: [Synth 8-7129] Port OBUFDS_GTME5_O[0] in module util_ds_buf is either unconnected or has no load
WARNING: [Synth 8-7129] Port OBUFDS_GTME5_OB[0] in module util_ds_buf is either unconnected or has no load
WARNING: [Synth 8-7129] Port OBUFDS_GTME5_ADV_O[0] in module util_ds_buf is either unconnected or has no load
WARNING: [Synth 8-7129] Port OBUFDS_GTME5_ADV_OB[0] in module util_ds_buf is either unconnected or has no load
WARNING: [Synth 8-7129] Port BUFG_GT_O[0] in module util_ds_buf is either unconnected or has no load
WARNING: [Synth 8-7129] Port BUFG_PS_O[0] in module util_ds_buf is either unconnected or has no load
WARNING: [Synth 8-7129] Port MBUFG_GT_O1[0] in module util_ds_buf is either unconnected or has no load
WARNING: [Synth 8-7129] Port MBUFG_GT_O2[0] in module util_ds_buf is either unconnected or has no load
WARNING: [Synth 8-7129] Port MBUFG_GT_O3[0] in module util_ds_buf is either unconnected or has no load
WARNING: [Synth 8-7129] Port MBUFG_GT_O4[0] in module util_ds_buf is either unconnected or has no load
WARNING: [Synth 8-7129] Port MBUFG_PS_O1[0] in module util_ds_buf is either unconnected or has no load
WARNING: [Synth 8-7129] Port MBUFG_PS_O2[0] in module util_ds_buf is either unconnected or has no load
WARNING: [Synth 8-7129] Port MBUFG_PS_O3[0] in module util_ds_buf is either unconnected or has no load
WARNING: [Synth 8-7129] Port MBUFG_PS_O4[0] in module util_ds_buf is either unconnected or has no load
WARNING: [Synth 8-7129] Port IOBUF_DS_P[0] in module util_ds_buf is either unconnected or has no load
WARNING: [Synth 8-7129] Port IOBUF_DS_N[0] in module util_ds_buf is either unconnected or has no load
WARNING: [Synth 8-7129] Port IOBUF_IO_IO[0] in module util_ds_buf is either unconnected or has no load
WARNING: [Synth 8-7129] Port IBUF_DS_P[0] in module util_ds_buf is either unconnected or has no load
WARNING: [Synth 8-7129] Port IBUF_DS_N[0] in module util_ds_buf is either unconnected or has no load
WARNING: [Synth 8-7129] Port IBUF_DS_CEB[0] in module util_ds_buf is either unconnected or has no load
WARNING: [Synth 8-7129] Port OBUF_IN[0] in module util_ds_buf is either unconnected or has no load
WARNING: [Synth 8-7129] Port IOBUF_IO_T[0] in module util_ds_buf is either unconnected or has no load
WARNING: [Synth 8-7129] Port IOBUF_IO_I[0] in module util_ds_buf is either unconnected or has no load
WARNING: [Synth 8-7129] Port BUFGCE_I[0] in module util_ds_buf is either unconnected or has no load
WARNING: [Synth 8-7129] Port BUFGCE_CE[0] in module util_ds_buf is either unconnected or has no load
WARNING: [Synth 8-7129] Port BUFGCE_CLR[0] in module util_ds_buf is either unconnected or has no load
WARNING: [Synth 8-7129] Port BUFH_I[0] in module util_ds_buf is either unconnected or has no load
WARNING: [Synth 8-7129] Port BUFHCE_I[0] in module util_ds_buf is either unconnected or has no load
WARNING: [Synth 8-7129] Port BUFHCE_CE[0] in module util_ds_buf is either unconnected or has no load
WARNING: [Synth 8-7129] Port BUFG_FABRIC_I[0] in module util_ds_buf is either unconnected or has no load
WARNING: [Synth 8-7129] Port OBUFDS_GTE5_CEB[0] in module util_ds_buf is either unconnected or has no load
WARNING: [Synth 8-7129] Port OBUFDS_GTE5_I[0] in module util_ds_buf is either unconnected or has no load
WARNING: [Synth 8-7129] Port OBUFDS_GTE5_ADV_CEB[0] in module util_ds_buf is either unconnected or has no load
WARNING: [Synth 8-7129] Port OBUFDS_GTE5_ADV_I[3] in module util_ds_buf is either unconnected or has no load
WARNING: [Synth 8-7129] Port OBUFDS_GTE5_ADV_I[2] in module util_ds_buf is either unconnected or has no load
WARNING: [Synth 8-7129] Port OBUFDS_GTE5_ADV_I[1] in module util_ds_buf is either unconnected or has no load
WARNING: [Synth 8-7129] Port OBUFDS_GTE5_ADV_I[0] in module util_ds_buf is either unconnected or has no load
WARNING: [Synth 8-7129] Port OBUFDS_GTE5_ADV_RXRECCLKSEL[1] in module util_ds_buf is either unconnected or has no load
WARNING: [Synth 8-7129] Port OBUFDS_GTE5_ADV_RXRECCLKSEL[0] in module util_ds_buf is either unconnected or has no load
WARNING: [Synth 8-7129] Port OBUFDS_GTE3_CEB[0] in module util_ds_buf is either unconnected or has no load
WARNING: [Synth 8-7129] Port OBUFDS_GTE3_I[0] in module util_ds_buf is either unconnected or has no load
WARNING: [Synth 8-7129] Port OBUFDS_GTE3_ADV_CEB[0] in module util_ds_buf is either unconnected or has no load
WARNING: [Synth 8-7129] Port OBUFDS_GTE3_ADV_I[3] in module util_ds_buf is either unconnected or has no load
WARNING: [Synth 8-7129] Port OBUFDS_GTE3_ADV_I[2] in module util_ds_buf is either unconnected or has no load
WARNING: [Synth 8-7129] Port OBUFDS_GTE3_ADV_I[1] in module util_ds_buf is either unconnected or has no load
WARNING: [Synth 8-7129] Port OBUFDS_GTE3_ADV_I[0] in module util_ds_buf is either unconnected or has no load
WARNING: [Synth 8-7129] Port RXRECCLK_SEL_GTE3_ADV[1] in module util_ds_buf is either unconnected or has no load
WARNING: [Synth 8-7129] Port RXRECCLK_SEL_GTE3_ADV[0] in module util_ds_buf is either unconnected or has no load
WARNING: [Synth 8-7129] Port OBUFDS_GTE4_CEB[0] in module util_ds_buf is either unconnected or has no load
WARNING: [Synth 8-7129] Port OBUFDS_GTE4_I[0] in module util_ds_buf is either unconnected or has no load
WARNING: [Synth 8-7129] Port OBUFDS_GTE4_ADV_CEB[0] in module util_ds_buf is either unconnected or has no load
WARNING: [Synth 8-7129] Port OBUFDS_GTE4_ADV_I[3] in module util_ds_buf is either unconnected or has no load
WARNING: [Synth 8-7129] Port OBUFDS_GTE4_ADV_I[2] in module util_ds_buf is either unconnected or has no load
WARNING: [Synth 8-7129] Port OBUFDS_GTE4_ADV_I[1] in module util_ds_buf is either unconnected or has no load
WARNING: [Synth 8-7129] Port OBUFDS_GTE4_ADV_I[0] in module util_ds_buf is either unconnected or has no load
WARNING: [Synth 8-7129] Port RXRECCLK_SEL_GTE4_ADV[1] in module util_ds_buf is either unconnected or has no load
WARNING: [Synth 8-7129] Port RXRECCLK_SEL_GTE4_ADV[0] in module util_ds_buf is either unconnected or has no load
WARNING: [Synth 8-7129] Port IBUFDS_GTM_CEB[0] in module util_ds_buf is either unconnected or has no load
WARNING: [Synth 8-7129] Port IBUFDS_GTM_I[0] in module util_ds_buf is either unconnected or has no load
WARNING: [Synth 8-7129] Port IBUFDS_GTM_IB[0] in module util_ds_buf is either unconnected or has no load
WARNING: [Synth 8-7129] Port OBUFDS_GTM_CEB[0] in module util_ds_buf is either unconnected or has no load
WARNING: [Synth 8-7129] Port OBUFDS_GTM_I[0] in module util_ds_buf is either unconnected or has no load
WARNING: [Synth 8-7129] Port OBUFDS_GTM_ADV_CEB[0] in module util_ds_buf is either unconnected or has no load
WARNING: [Synth 8-7129] Port OBUFDS_GTM_ADV_I[3] in module util_ds_buf is either unconnected or has no load
WARNING: [Synth 8-7129] Port OBUFDS_GTM_ADV_I[2] in module util_ds_buf is either unconnected or has no load
WARNING: [Synth 8-7129] Port OBUFDS_GTM_ADV_I[1] in module util_ds_buf is either unconnected or has no load
WARNING: [Synth 8-7129] Port OBUFDS_GTM_ADV_I[0] in module util_ds_buf is either unconnected or has no load
WARNING: [Synth 8-7129] Port IBUFDS_GTME5_CEB[0] in module util_ds_buf is either unconnected or has no load
WARNING: [Synth 8-7129] Port IBUFDS_GTME5_I[0] in module util_ds_buf is either unconnected or has no load
WARNING: [Synth 8-7129] Port IBUFDS_GTME5_IB[0] in module util_ds_buf is either unconnected or has no load
WARNING: [Synth 8-7129] Port OBUFDS_GTME5_CEB[0] in module util_ds_buf is either unconnected or has no load
INFO: [Common 17-14] Message 'Synth 8-7129' appears 100 times and further instances of the messages will be disabled. Use the Tcl command set_msg_config to change the current settings.
---------------------------------------------------------------------------------
Finished RTL Elaboration : Time (s): cpu = 00:00:11 ; elapsed = 00:00:29 . Memory (MB): peak = 1793.449 ; gain = 331.820
---------------------------------------------------------------------------------
---------------------------------------------------------------------------------
Start Handling Custom Attributes
---------------------------------------------------------------------------------
---------------------------------------------------------------------------------
Finished Handling Custom Attributes : Time (s): cpu = 00:00:11 ; elapsed = 00:00:29 . Memory (MB): peak = 1815.328 ; gain = 353.699
---------------------------------------------------------------------------------
---------------------------------------------------------------------------------
Finished RTL Optimization Phase 1 : Time (s): cpu = 00:00:11 ; elapsed = 00:00:29 . Memory (MB): peak = 1815.328 ; gain = 353.699
---------------------------------------------------------------------------------
Netlist sorting complete. Time (s): cpu = 00:00:00 ; elapsed = 00:00:00.003 . Memory (MB): peak = 1827.391 ; gain = 0.000
INFO: [Netlist 29-17] Analyzing 1 Unisim elements for replacement
INFO: [Netlist 29-28] Unisim Transformation completed in 0 CPU seconds
INFO: [Project 1-570] Preparing netlist for logic optimization

Processing XDC Constraints
Initializing timing engine
Parsing XDC File [c:/Users/raque/OneDrive/Documentos/master/TFM/Vivado/PL_MODEL/pruebas_RF.gen/sources_1/bd/design_1/ip/design_1_util_ds_buf_0_0/design_1_util_ds_buf_0_0_ooc.xdc] for cell 'U0'
create_clock: Time (s): cpu = 00:00:12 ; elapsed = 00:00:26 . Memory (MB): peak = 1855.691 ; gain = 0.043
Finished Parsing XDC File [c:/Users/raque/OneDrive/Documentos/master/TFM/Vivado/PL_MODEL/pruebas_RF.gen/sources_1/bd/design_1/ip/design_1_util_ds_buf_0_0/design_1_util_ds_buf_0_0_ooc.xdc] for cell 'U0'
Parsing XDC File [c:/Users/raque/OneDrive/Documentos/master/TFM/Vivado/PL_MODEL/pruebas_RF.gen/sources_1/bd/design_1/ip/design_1_util_ds_buf_0_0/design_1_util_ds_buf_0_0_board.xdc] for cell 'U0'
Finished Parsing XDC File [c:/Users/raque/OneDrive/Documentos/master/TFM/Vivado/PL_MODEL/pruebas_RF.gen/sources_1/bd/design_1/ip/design_1_util_ds_buf_0_0/design_1_util_ds_buf_0_0_board.xdc] for cell 'U0'
Parsing XDC File [C:/Users/raque/OneDrive/Documentos/master/TFM/Vivado/PL_MODEL/pruebas_RF.runs/design_1_util_ds_buf_0_0_synth_1/dont_touch.xdc]
Finished Parsing XDC File [C:/Users/raque/OneDrive/Documentos/master/TFM/Vivado/PL_MODEL/pruebas_RF.runs/design_1_util_ds_buf_0_0_synth_1/dont_touch.xdc]
Completed Processing XDC Constraints

Netlist sorting complete. Time (s): cpu = 00:00:00 ; elapsed = 00:00:00 . Memory (MB): peak = 1855.691 ; gain = 0.000
INFO: [Project 1-111] Unisim Transformation Summary:
  A total of 1 instances were transformed.
  BUFG => BUFGCE: 1 instance 

Constraint Validation Runtime : Time (s): cpu = 00:00:00 ; elapsed = 00:00:00.064 . Memory (MB): peak = 1855.691 ; gain = 0.000
INFO: [Designutils 20-5008] Incremental synthesis strategy off
---------------------------------------------------------------------------------
Finished Constraint Validation : Time (s): cpu = 00:00:37 ; elapsed = 00:01:21 . Memory (MB): peak = 1855.691 ; gain = 394.062
---------------------------------------------------------------------------------
---------------------------------------------------------------------------------
Start Loading Part and Timing Information
---------------------------------------------------------------------------------
Loading part: xczu48dr-ffvg1517-2-e
INFO: [Synth 8-6742] Reading net delay rules and data
---------------------------------------------------------------------------------
Finished Loading Part and Timing Information : Time (s): cpu = 00:00:37 ; elapsed = 00:01:21 . Memory (MB): peak = 1855.691 ; gain = 394.062
---------------------------------------------------------------------------------
---------------------------------------------------------------------------------
Start Applying 'set_property' XDC Constraints
---------------------------------------------------------------------------------
Applied set_property KEEP_HIERARCHY = SOFT for U0. (constraint file  C:/Users/raque/OneDrive/Documentos/master/TFM/Vivado/PL_MODEL/pruebas_RF.runs/design_1_util_ds_buf_0_0_synth_1/dont_touch.xdc, line 9).
---------------------------------------------------------------------------------
Finished applying 'set_property' XDC Constraints : Time (s): cpu = 00:00:37 ; elapsed = 00:01:22 . Memory (MB): peak = 1855.691 ; gain = 394.062
---------------------------------------------------------------------------------
---------------------------------------------------------------------------------
Finished RTL Optimization Phase 2 : Time (s): cpu = 00:00:37 ; elapsed = 00:01:22 . Memory (MB): peak = 1855.691 ; gain = 394.062
---------------------------------------------------------------------------------
---------------------------------------------------------------------------------
Start RTL Component Statistics 
---------------------------------------------------------------------------------
Detailed RTL Component Info : 
---------------------------------------------------------------------------------
Finished RTL Component Statistics 
---------------------------------------------------------------------------------
---------------------------------------------------------------------------------
Start Part Resource Summary
---------------------------------------------------------------------------------
Part Resources:
DSPs: 4272 (col length:192)
BRAMs: 2160 (col length: RAMB18 192 RAMB36 96)
---------------------------------------------------------------------------------
Finished Part Resource Summary
---------------------------------------------------------------------------------
---------------------------------------------------------------------------------
Start Cross Boundary and Area Optimization
---------------------------------------------------------------------------------
WARNING: [Synth 8-7080] Parallel synthesis criteria is not met
---------------------------------------------------------------------------------
Finished Cross Boundary and Area Optimization : Time (s): cpu = 00:00:41 ; elapsed = 00:01:28 . Memory (MB): peak = 1855.691 ; gain = 394.062
---------------------------------------------------------------------------------
---------------------------------------------------------------------------------
Start Applying XDC Timing Constraints
---------------------------------------------------------------------------------
---------------------------------------------------------------------------------
Finished Applying XDC Timing Constraints : Time (s): cpu = 00:01:02 ; elapsed = 00:02:13 . Memory (MB): peak = 2289.023 ; gain = 827.395
---------------------------------------------------------------------------------
---------------------------------------------------------------------------------
Start Timing Optimization
---------------------------------------------------------------------------------
---------------------------------------------------------------------------------
Finished Timing Optimization : Time (s): cpu = 00:01:02 ; elapsed = 00:02:13 . Memory (MB): peak = 2289.023 ; gain = 827.395
---------------------------------------------------------------------------------
---------------------------------------------------------------------------------
Start Technology Mapping
---------------------------------------------------------------------------------
---------------------------------------------------------------------------------
Finished Technology Mapping : Time (s): cpu = 00:01:02 ; elapsed = 00:02:13 . Memory (MB): peak = 2308.113 ; gain = 846.484
---------------------------------------------------------------------------------
---------------------------------------------------------------------------------
Start IO Insertion
---------------------------------------------------------------------------------
---------------------------------------------------------------------------------
Start Flattening Before IO Insertion
---------------------------------------------------------------------------------
---------------------------------------------------------------------------------
Finished Flattening Before IO Insertion
---------------------------------------------------------------------------------
---------------------------------------------------------------------------------
Start Final Netlist Cleanup
---------------------------------------------------------------------------------
---------------------------------------------------------------------------------
Finished Final Netlist Cleanup
---------------------------------------------------------------------------------
---------------------------------------------------------------------------------
Finished IO Insertion : Time (s): cpu = 00:01:08 ; elapsed = 00:02:24 . Memory (MB): peak = 2314.891 ; gain = 853.262
---------------------------------------------------------------------------------
---------------------------------------------------------------------------------
Start Renaming Generated Instances
---------------------------------------------------------------------------------
---------------------------------------------------------------------------------
Finished Renaming Generated Instances : Time (s): cpu = 00:01:08 ; elapsed = 00:02:24 . Memory (MB): peak = 2314.891 ; gain = 853.262
---------------------------------------------------------------------------------
---------------------------------------------------------------------------------
Start Rebuilding User Hierarchy
---------------------------------------------------------------------------------
---------------------------------------------------------------------------------
Finished Rebuilding User Hierarchy : Time (s): cpu = 00:01:08 ; elapsed = 00:02:24 . Memory (MB): peak = 2314.891 ; gain = 853.262
---------------------------------------------------------------------------------
---------------------------------------------------------------------------------
Start Renaming Generated Ports
---------------------------------------------------------------------------------
---------------------------------------------------------------------------------
Finished Renaming Generated Ports : Time (s): cpu = 00:01:08 ; elapsed = 00:02:24 . Memory (MB): peak = 2314.891 ; gain = 853.262
---------------------------------------------------------------------------------
---------------------------------------------------------------------------------
Start Handling Custom Attributes
---------------------------------------------------------------------------------
---------------------------------------------------------------------------------
Finished Handling Custom Attributes : Time (s): cpu = 00:01:08 ; elapsed = 00:02:24 . Memory (MB): peak = 2314.891 ; gain = 853.262
---------------------------------------------------------------------------------
---------------------------------------------------------------------------------
Start Renaming Generated Nets
---------------------------------------------------------------------------------
---------------------------------------------------------------------------------
Finished Renaming Generated Nets : Time (s): cpu = 00:01:08 ; elapsed = 00:02:24 . Memory (MB): peak = 2314.891 ; gain = 853.262
---------------------------------------------------------------------------------
---------------------------------------------------------------------------------
Start Writing Synthesis Report
---------------------------------------------------------------------------------

Report BlackBoxes: 
+-+--------------+----------+
| |BlackBox name |Instances |
+-+--------------+----------+
+-+--------------+----------+

Report Cell Usage: 
+------+-----+------+
|      |Cell |Count |
+------+-----+------+
|1     |BUFG |     1|
+------+-----+------+
---------------------------------------------------------------------------------
Finished Writing Synthesis Report : Time (s): cpu = 00:01:08 ; elapsed = 00:02:24 . Memory (MB): peak = 2314.891 ; gain = 853.262
---------------------------------------------------------------------------------
Synthesis finished with 0 errors, 0 critical warnings and 129 warnings.
Synthesis Optimization Runtime : Time (s): cpu = 00:00:41 ; elapsed = 00:01:50 . Memory (MB): peak = 2314.891 ; gain = 812.898
Synthesis Optimization Complete : Time (s): cpu = 00:01:08 ; elapsed = 00:02:25 . Memory (MB): peak = 2314.891 ; gain = 853.262
INFO: [Project 1-571] Translating synthesized netlist
Netlist sorting complete. Time (s): cpu = 00:00:00 ; elapsed = 00:00:00.003 . Memory (MB): peak = 2314.891 ; gain = 0.000
INFO: [Netlist 29-17] Analyzing 1 Unisim elements for replacement
INFO: [Netlist 29-28] Unisim Transformation completed in 0 CPU seconds
INFO: [Project 1-570] Preparing netlist for logic optimization
INFO: [Opt 31-138] Pushed 0 inverter(s) to 0 load pin(s).
Netlist sorting complete. Time (s): cpu = 00:00:00 ; elapsed = 00:00:00 . Memory (MB): peak = 2373.273 ; gain = 0.000
INFO: [Project 1-111] Unisim Transformation Summary:
  A total of 1 instances were transformed.
  BUFG => BUFGCE: 1 instance 

Synth Design complete, checksum: 7b684da3
INFO: [Common 17-83] Releasing license: Synthesis
30 Infos, 149 Warnings, 0 Critical Warnings and 0 Errors encountered.
synth_design completed successfully
synth_design: Time (s): cpu = 00:01:22 ; elapsed = 00:03:01 . Memory (MB): peak = 2373.273 ; gain = 1091.539
INFO: [Common 17-1381] The checkpoint 'C:/Users/raque/OneDrive/Documentos/master/TFM/Vivado/PL_MODEL/pruebas_RF.runs/design_1_util_ds_buf_0_0_synth_1/design_1_util_ds_buf_0_0.dcp' has been generated.
INFO: [Coretcl 2-1648] Added synthesis output to IP cache for IP design_1_util_ds_buf_0_0, cache-ID = 2f491cc505ea952a
INFO: [Common 17-1381] The checkpoint 'C:/Users/raque/OneDrive/Documentos/master/TFM/Vivado/PL_MODEL/pruebas_RF.runs/design_1_util_ds_buf_0_0_synth_1/design_1_util_ds_buf_0_0.dcp' has been generated.
INFO: [runtcl-4] Executing : report_utilization -file design_1_util_ds_buf_0_0_utilization_synth.rpt -pb design_1_util_ds_buf_0_0_utilization_synth.pb
INFO: [Common 17-206] Exiting Vivado at Sun Aug 27 12:12:43 2023...
