
*** Running vivado
    with args -log design_1_proc_sys_reset_0_1.vds -m64 -product Vivado -mode batch -messageDb vivado.pb -notrace -source design_1_proc_sys_reset_0_1.tcl



****** Vivado v2022.1 (64-bit)
  **** SW Build 3526262 on Mon Apr 18 15:48:16 MDT 2022
  **** IP Build 3524634 on Mon Apr 18 20:55:01 MDT 2022
    ** Copyright 1986-2022 Xilinx, Inc. All Rights Reserved.

Sourcing tcl script 'C:/Users/raque/AppData/Roaming/Xilinx/Vivado/Vivado_init.tcl'
source design_1_proc_sys_reset_0_1.tcl -notrace
WARNING: [Common 17-1361] You have specified a new message control rule that is equivalent to an existing rule with attributes ' -id {[BD 41-1306]}  -suppress '. The existing rule will be replaced.
WARNING: [Common 17-1361] You have specified a new message control rule that is equivalent to an existing rule with attributes ' -id {[BD 41-1271]}  -suppress '. The existing rule will be replaced.
WARNING: [Common 17-1361] You have specified a new message control rule that is equivalent to an existing rule with attributes ' -id {[BD 41-1306]}  -suppress '. The existing rule will be replaced.
WARNING: [Common 17-1361] You have specified a new message control rule that is equivalent to an existing rule with attributes ' -id {[BD 41-1271]}  -suppress '. The existing rule will be replaced.
create_project: Time (s): cpu = 00:00:15 ; elapsed = 00:00:21 . Memory (MB): peak = 1372.863 ; gain = 100.516
INFO: [IP_Flow 19-234] Refreshing IP repositories
INFO: [IP_Flow 19-1700] Loaded user IP repository 'c:/Users/raque/OneDrive/Documentos/master/TFM/Vivado/ip_repo'.
INFO: [IP_Flow 19-2313] Loaded Vivado IP repository 'C:/Xilinx/Vivado/2022.1/data/ip'.
update_ip_catalog: Time (s): cpu = 00:00:04 ; elapsed = 00:00:10 . Memory (MB): peak = 1408.824 ; gain = 35.961
WARNING: [IP_Flow 19-4995] The host OS only allows 260 characters in a normal path. The IP cache path is more than 80 characters. If you experience issues with IP caching, please consider changing the IP cache to a location with a shorter path. Alternately consider using the OS subst command to map part of the path to a drive letter. 
Current IP cache path is c:/Users/raque/OneDrive/Documentos/master/TFM/Vivado/pruebas_RF_v2/pruebas_RF.cache/ip 
Command: synth_design -top design_1_proc_sys_reset_0_1 -part xczu48dr-ffvg1517-2-e -incremental_mode off -mode out_of_context
Starting synth_design
Attempting to get a license for feature 'Synthesis' and/or device 'xczu48dr'
INFO: [Common 17-349] Got license for feature 'Synthesis' and/or device 'xczu48dr'
INFO: [Common 17-86] Your Synthesis license expires in 10 day(s)
INFO: [Common 17-1540] The version limit for your license is '2023.07' and has expired for new software. A version limit expiration means that, although you may be able to continue to use the current version of tools or IP with this license, you will not be eligible for new releases.
INFO: [Device 21-403] Loading part xczu48dr-ffvg1517-2-e
INFO: [Synth 8-7079] Multithreading enabled for synth_design using a maximum of 2 processes.
INFO: [Synth 8-7078] Launching helper process for spawning children vivado processes
INFO: [Synth 8-7075] Helper process launched with PID 40612
---------------------------------------------------------------------------------
Starting RTL Elaboration : Time (s): cpu = 00:00:11 ; elapsed = 00:00:26 . Memory (MB): peak = 1733.633 ; gain = 198.484
---------------------------------------------------------------------------------
INFO: [Synth 8-638] synthesizing module 'design_1_proc_sys_reset_0_1' [c:/Users/raque/OneDrive/Documentos/master/TFM/Vivado/pruebas_RF_v2/pruebas_RF.gen/sources_1/bd/design_1/ip/design_1_proc_sys_reset_0_1/synth/design_1_proc_sys_reset_0_1.vhd:74]
	Parameter C_FAMILY bound to: zynquplus - type: string 
	Parameter C_EXT_RST_WIDTH bound to: 4 - type: integer 
	Parameter C_AUX_RST_WIDTH bound to: 4 - type: integer 
	Parameter C_EXT_RESET_HIGH bound to: 1'b0 
	Parameter C_AUX_RESET_HIGH bound to: 1'b0 
	Parameter C_NUM_BUS_RST bound to: 1 - type: integer 
	Parameter C_NUM_PERP_RST bound to: 1 - type: integer 
	Parameter C_NUM_INTERCONNECT_ARESETN bound to: 1 - type: integer 
	Parameter C_NUM_PERP_ARESETN bound to: 1 - type: integer 
INFO: [Synth 8-3491] module 'proc_sys_reset' declared at 'c:/Users/raque/OneDrive/Documentos/master/TFM/Vivado/pruebas_RF_v2/pruebas_RF.gen/sources_1/bd/design_1/ipshared/8842/hdl/proc_sys_reset_v5_0_vh_rfs.vhd:1264' bound to instance 'U0' of component 'proc_sys_reset' [c:/Users/raque/OneDrive/Documentos/master/TFM/Vivado/pruebas_RF_v2/pruebas_RF.gen/sources_1/bd/design_1/ip/design_1_proc_sys_reset_0_1/synth/design_1_proc_sys_reset_0_1.vhd:129]
INFO: [Synth 8-638] synthesizing module 'proc_sys_reset' [c:/Users/raque/OneDrive/Documentos/master/TFM/Vivado/pruebas_RF_v2/pruebas_RF.gen/sources_1/bd/design_1/ipshared/8842/hdl/proc_sys_reset_v5_0_vh_rfs.vhd:1323]
	Parameter INIT bound to: 1'b1 
INFO: [Synth 8-113] binding component instance 'FDRE_inst' to cell 'FDRE' [c:/Users/raque/OneDrive/Documentos/master/TFM/Vivado/pruebas_RF_v2/pruebas_RF.gen/sources_1/bd/design_1/ipshared/8842/hdl/proc_sys_reset_v5_0_vh_rfs.vhd:1392]
	Parameter INIT bound to: 1'b1 
INFO: [Synth 8-113] binding component instance 'FDRE_BSR' to cell 'FDRE' [c:/Users/raque/OneDrive/Documentos/master/TFM/Vivado/pruebas_RF_v2/pruebas_RF.gen/sources_1/bd/design_1/ipshared/8842/hdl/proc_sys_reset_v5_0_vh_rfs.vhd:1408]
	Parameter INIT bound to: 1'b0 
INFO: [Synth 8-113] binding component instance 'FDRE_BSR_N' to cell 'FDRE' [c:/Users/raque/OneDrive/Documentos/master/TFM/Vivado/pruebas_RF_v2/pruebas_RF.gen/sources_1/bd/design_1/ipshared/8842/hdl/proc_sys_reset_v5_0_vh_rfs.vhd:1434]
	Parameter INIT bound to: 1'b1 
INFO: [Synth 8-113] binding component instance 'FDRE_PER' to cell 'FDRE' [c:/Users/raque/OneDrive/Documentos/master/TFM/Vivado/pruebas_RF_v2/pruebas_RF.gen/sources_1/bd/design_1/ipshared/8842/hdl/proc_sys_reset_v5_0_vh_rfs.vhd:1457]
	Parameter INIT bound to: 1'b0 
INFO: [Synth 8-113] binding component instance 'FDRE_PER_N' to cell 'FDRE' [c:/Users/raque/OneDrive/Documentos/master/TFM/Vivado/pruebas_RF_v2/pruebas_RF.gen/sources_1/bd/design_1/ipshared/8842/hdl/proc_sys_reset_v5_0_vh_rfs.vhd:1481]
INFO: [Synth 8-638] synthesizing module 'lpf' [c:/Users/raque/OneDrive/Documentos/master/TFM/Vivado/pruebas_RF_v2/pruebas_RF.gen/sources_1/bd/design_1/ipshared/8842/hdl/proc_sys_reset_v5_0_vh_rfs.vhd:816]
INFO: [Synth 8-3491] module 'SRL16' declared at 'C:/Xilinx/Vivado/2022.1/scripts/rt/data/unisim_comp_diablo.v:108398' bound to instance 'POR_SRL_I' of component 'SRL16' [c:/Users/raque/OneDrive/Documentos/master/TFM/Vivado/pruebas_RF_v2/pruebas_RF.gen/sources_1/bd/design_1/ipshared/8842/hdl/proc_sys_reset_v5_0_vh_rfs.vhd:868]
INFO: [Synth 8-6157] synthesizing module 'SRL16' [C:/Xilinx/Vivado/2022.1/scripts/rt/data/unisim_comp_diablo.v:108398]
INFO: [Synth 8-6155] done synthesizing module 'SRL16' (0#1) [C:/Xilinx/Vivado/2022.1/scripts/rt/data/unisim_comp_diablo.v:108398]
INFO: [Synth 8-638] synthesizing module 'cdc_sync' [c:/Users/raque/OneDrive/Documentos/master/TFM/Vivado/pruebas_RF_v2/pruebas_RF.gen/sources_1/bd/design_1/ipshared/ef1e/hdl/lib_cdc_v1_0_rfs.vhd:106]
	Parameter INIT bound to: 1'b0 
INFO: [Synth 8-113] binding component instance 'CROSS_PLEVEL_IN2SCNDRY_IN_cdc_to' to cell 'FDR' [c:/Users/raque/OneDrive/Documentos/master/TFM/Vivado/pruebas_RF_v2/pruebas_RF.gen/sources_1/bd/design_1/ipshared/ef1e/hdl/lib_cdc_v1_0_rfs.vhd:514]
	Parameter INIT bound to: 1'b0 
INFO: [Synth 8-113] binding component instance 'CROSS_PLEVEL_IN2SCNDRY_s_level_out_d2' to cell 'FDR' [c:/Users/raque/OneDrive/Documentos/master/TFM/Vivado/pruebas_RF_v2/pruebas_RF.gen/sources_1/bd/design_1/ipshared/ef1e/hdl/lib_cdc_v1_0_rfs.vhd:545]
	Parameter INIT bound to: 1'b0 
INFO: [Synth 8-113] binding component instance 'CROSS_PLEVEL_IN2SCNDRY_s_level_out_d3' to cell 'FDR' [c:/Users/raque/OneDrive/Documentos/master/TFM/Vivado/pruebas_RF_v2/pruebas_RF.gen/sources_1/bd/design_1/ipshared/ef1e/hdl/lib_cdc_v1_0_rfs.vhd:554]
	Parameter INIT bound to: 1'b0 
INFO: [Synth 8-113] binding component instance 'CROSS_PLEVEL_IN2SCNDRY_s_level_out_d4' to cell 'FDR' [c:/Users/raque/OneDrive/Documentos/master/TFM/Vivado/pruebas_RF_v2/pruebas_RF.gen/sources_1/bd/design_1/ipshared/ef1e/hdl/lib_cdc_v1_0_rfs.vhd:564]
	Parameter INIT bound to: 1'b0 
INFO: [Synth 8-113] binding component instance 'CROSS_PLEVEL_IN2SCNDRY_s_level_out_d5' to cell 'FDR' [c:/Users/raque/OneDrive/Documentos/master/TFM/Vivado/pruebas_RF_v2/pruebas_RF.gen/sources_1/bd/design_1/ipshared/ef1e/hdl/lib_cdc_v1_0_rfs.vhd:574]
	Parameter INIT bound to: 1'b0 
INFO: [Synth 8-113] binding component instance 'CROSS_PLEVEL_IN2SCNDRY_s_level_out_d6' to cell 'FDR' [c:/Users/raque/OneDrive/Documentos/master/TFM/Vivado/pruebas_RF_v2/pruebas_RF.gen/sources_1/bd/design_1/ipshared/ef1e/hdl/lib_cdc_v1_0_rfs.vhd:584]
INFO: [Synth 8-256] done synthesizing module 'cdc_sync' (0#1) [c:/Users/raque/OneDrive/Documentos/master/TFM/Vivado/pruebas_RF_v2/pruebas_RF.gen/sources_1/bd/design_1/ipshared/ef1e/hdl/lib_cdc_v1_0_rfs.vhd:106]
INFO: [Synth 8-256] done synthesizing module 'lpf' (0#1) [c:/Users/raque/OneDrive/Documentos/master/TFM/Vivado/pruebas_RF_v2/pruebas_RF.gen/sources_1/bd/design_1/ipshared/8842/hdl/proc_sys_reset_v5_0_vh_rfs.vhd:816]
INFO: [Synth 8-638] synthesizing module 'sequence_psr' [c:/Users/raque/OneDrive/Documentos/master/TFM/Vivado/pruebas_RF_v2/pruebas_RF.gen/sources_1/bd/design_1/ipshared/8842/hdl/proc_sys_reset_v5_0_vh_rfs.vhd:301]
INFO: [Synth 8-638] synthesizing module 'upcnt_n' [c:/Users/raque/OneDrive/Documentos/master/TFM/Vivado/pruebas_RF_v2/pruebas_RF.gen/sources_1/bd/design_1/ipshared/8842/hdl/proc_sys_reset_v5_0_vh_rfs.vhd:125]
INFO: [Synth 8-256] done synthesizing module 'upcnt_n' (0#1) [c:/Users/raque/OneDrive/Documentos/master/TFM/Vivado/pruebas_RF_v2/pruebas_RF.gen/sources_1/bd/design_1/ipshared/8842/hdl/proc_sys_reset_v5_0_vh_rfs.vhd:125]
INFO: [Synth 8-256] done synthesizing module 'sequence_psr' (0#1) [c:/Users/raque/OneDrive/Documentos/master/TFM/Vivado/pruebas_RF_v2/pruebas_RF.gen/sources_1/bd/design_1/ipshared/8842/hdl/proc_sys_reset_v5_0_vh_rfs.vhd:301]
INFO: [Synth 8-256] done synthesizing module 'proc_sys_reset' (0#1) [c:/Users/raque/OneDrive/Documentos/master/TFM/Vivado/pruebas_RF_v2/pruebas_RF.gen/sources_1/bd/design_1/ipshared/8842/hdl/proc_sys_reset_v5_0_vh_rfs.vhd:1323]
INFO: [Synth 8-256] done synthesizing module 'design_1_proc_sys_reset_0_1' (0#1) [c:/Users/raque/OneDrive/Documentos/master/TFM/Vivado/pruebas_RF_v2/pruebas_RF.gen/sources_1/bd/design_1/ip/design_1_proc_sys_reset_0_1/synth/design_1_proc_sys_reset_0_1.vhd:74]
WARNING: [Synth 8-7129] Port prmry_aclk in module cdc_sync is either unconnected or has no load
WARNING: [Synth 8-7129] Port prmry_resetn in module cdc_sync is either unconnected or has no load
WARNING: [Synth 8-7129] Port prmry_vect_in[1] in module cdc_sync is either unconnected or has no load
WARNING: [Synth 8-7129] Port prmry_vect_in[0] in module cdc_sync is either unconnected or has no load
WARNING: [Synth 8-7129] Port scndry_resetn in module cdc_sync is either unconnected or has no load
---------------------------------------------------------------------------------
Finished RTL Elaboration : Time (s): cpu = 00:00:16 ; elapsed = 00:00:42 . Memory (MB): peak = 1796.184 ; gain = 261.035
---------------------------------------------------------------------------------
---------------------------------------------------------------------------------
Start Handling Custom Attributes
---------------------------------------------------------------------------------
---------------------------------------------------------------------------------
Finished Handling Custom Attributes : Time (s): cpu = 00:00:16 ; elapsed = 00:00:43 . Memory (MB): peak = 1820.070 ; gain = 284.922
---------------------------------------------------------------------------------
---------------------------------------------------------------------------------
Finished RTL Optimization Phase 1 : Time (s): cpu = 00:00:16 ; elapsed = 00:00:43 . Memory (MB): peak = 1820.070 ; gain = 284.922
---------------------------------------------------------------------------------
Netlist sorting complete. Time (s): cpu = 00:00:00 ; elapsed = 00:00:00.003 . Memory (MB): peak = 1832.105 ; gain = 0.000
INFO: [Netlist 29-17] Analyzing 13 Unisim elements for replacement
INFO: [Netlist 29-28] Unisim Transformation completed in 0 CPU seconds
INFO: [Project 1-570] Preparing netlist for logic optimization

Processing XDC Constraints
Initializing timing engine
Parsing XDC File [c:/Users/raque/OneDrive/Documentos/master/TFM/Vivado/pruebas_RF_v2/pruebas_RF.gen/sources_1/bd/design_1/ip/design_1_proc_sys_reset_0_1/design_1_proc_sys_reset_0_1_ooc.xdc] for cell 'U0'
create_clock: Time (s): cpu = 00:00:06 ; elapsed = 00:00:19 . Memory (MB): peak = 1944.238 ; gain = 0.031
Finished Parsing XDC File [c:/Users/raque/OneDrive/Documentos/master/TFM/Vivado/pruebas_RF_v2/pruebas_RF.gen/sources_1/bd/design_1/ip/design_1_proc_sys_reset_0_1/design_1_proc_sys_reset_0_1_ooc.xdc] for cell 'U0'
Parsing XDC File [c:/Users/raque/OneDrive/Documentos/master/TFM/Vivado/pruebas_RF_v2/pruebas_RF.gen/sources_1/bd/design_1/ip/design_1_proc_sys_reset_0_1/design_1_proc_sys_reset_0_1_board.xdc] for cell 'U0'
Finished Parsing XDC File [c:/Users/raque/OneDrive/Documentos/master/TFM/Vivado/pruebas_RF_v2/pruebas_RF.gen/sources_1/bd/design_1/ip/design_1_proc_sys_reset_0_1/design_1_proc_sys_reset_0_1_board.xdc] for cell 'U0'
Parsing XDC File [c:/Users/raque/OneDrive/Documentos/master/TFM/Vivado/pruebas_RF_v2/pruebas_RF.gen/sources_1/bd/design_1/ip/design_1_proc_sys_reset_0_1/design_1_proc_sys_reset_0_1.xdc] for cell 'U0'
Finished Parsing XDC File [c:/Users/raque/OneDrive/Documentos/master/TFM/Vivado/pruebas_RF_v2/pruebas_RF.gen/sources_1/bd/design_1/ip/design_1_proc_sys_reset_0_1/design_1_proc_sys_reset_0_1.xdc] for cell 'U0'
Parsing XDC File [C:/Users/raque/OneDrive/Documentos/master/TFM/Vivado/pruebas_RF_v2/pruebas_RF.runs/design_1_proc_sys_reset_0_1_synth_1/dont_touch.xdc]
Finished Parsing XDC File [C:/Users/raque/OneDrive/Documentos/master/TFM/Vivado/pruebas_RF_v2/pruebas_RF.runs/design_1_proc_sys_reset_0_1_synth_1/dont_touch.xdc]
Completed Processing XDC Constraints

Netlist sorting complete. Time (s): cpu = 00:00:00 ; elapsed = 00:00:00 . Memory (MB): peak = 1944.238 ; gain = 0.000
INFO: [Project 1-111] Unisim Transformation Summary:
  A total of 13 instances were transformed.
  FDR => FDRE: 12 instances
  SRL16 => SRL16E: 1 instance 

Constraint Validation Runtime : Time (s): cpu = 00:00:00 ; elapsed = 00:00:00.131 . Memory (MB): peak = 1944.238 ; gain = 0.000
INFO: [Designutils 20-5008] Incremental synthesis strategy off
---------------------------------------------------------------------------------
Finished Constraint Validation : Time (s): cpu = 00:00:31 ; elapsed = 00:01:29 . Memory (MB): peak = 1944.238 ; gain = 409.090
---------------------------------------------------------------------------------
---------------------------------------------------------------------------------
Start Loading Part and Timing Information
---------------------------------------------------------------------------------
Loading part: xczu48dr-ffvg1517-2-e
INFO: [Synth 8-6742] Reading net delay rules and data
---------------------------------------------------------------------------------
Finished Loading Part and Timing Information : Time (s): cpu = 00:00:31 ; elapsed = 00:01:29 . Memory (MB): peak = 1944.238 ; gain = 409.090
---------------------------------------------------------------------------------
---------------------------------------------------------------------------------
Start Applying 'set_property' XDC Constraints
---------------------------------------------------------------------------------
Applied set_property KEEP_HIERARCHY = SOFT for U0. (constraint file  C:/Users/raque/OneDrive/Documentos/master/TFM/Vivado/pruebas_RF_v2/pruebas_RF.runs/design_1_proc_sys_reset_0_1_synth_1/dont_touch.xdc, line 9).
---------------------------------------------------------------------------------
Finished applying 'set_property' XDC Constraints : Time (s): cpu = 00:00:31 ; elapsed = 00:01:29 . Memory (MB): peak = 1944.238 ; gain = 409.090
---------------------------------------------------------------------------------
---------------------------------------------------------------------------------
Finished RTL Optimization Phase 2 : Time (s): cpu = 00:00:31 ; elapsed = 00:01:30 . Memory (MB): peak = 1944.238 ; gain = 409.090
---------------------------------------------------------------------------------
---------------------------------------------------------------------------------
Start RTL Component Statistics 
---------------------------------------------------------------------------------
Detailed RTL Component Info : 
+---Adders : 
	   2 Input    6 Bit       Adders := 1     
+---Registers : 
	                6 Bit    Registers := 1     
	                3 Bit    Registers := 3     
	                1 Bit    Registers := 8     
+---Muxes : 
	   2 Input    6 Bit        Muxes := 1     
	   2 Input    1 Bit        Muxes := 1     
---------------------------------------------------------------------------------
Finished RTL Component Statistics 
---------------------------------------------------------------------------------
---------------------------------------------------------------------------------
Start Part Resource Summary
---------------------------------------------------------------------------------
Part Resources:
DSPs: 4272 (col length:192)
BRAMs: 2160 (col length: RAMB18 192 RAMB36 96)
---------------------------------------------------------------------------------
Finished Part Resource Summary
---------------------------------------------------------------------------------
---------------------------------------------------------------------------------
Start Cross Boundary and Area Optimization
---------------------------------------------------------------------------------
WARNING: [Synth 8-7080] Parallel synthesis criteria is not met
WARNING: [Synth 8-3332] Sequential element (EXT_LPF/ACTIVE_LOW_EXT.ACT_LO_EXT/GENERATE_LEVEL_P_S_CDC.SINGLE_BIT.CROSS_PLEVEL_IN2SCNDRY_s_level_out_d5) is unused and will be removed from module proc_sys_reset.
WARNING: [Synth 8-3332] Sequential element (EXT_LPF/ACTIVE_LOW_EXT.ACT_LO_EXT/GENERATE_LEVEL_P_S_CDC.SINGLE_BIT.CROSS_PLEVEL_IN2SCNDRY_s_level_out_d6) is unused and will be removed from module proc_sys_reset.
WARNING: [Synth 8-3332] Sequential element (EXT_LPF/ACTIVE_LOW_AUX.ACT_LO_AUX/GENERATE_LEVEL_P_S_CDC.SINGLE_BIT.CROSS_PLEVEL_IN2SCNDRY_s_level_out_d5) is unused and will be removed from module proc_sys_reset.
WARNING: [Synth 8-3332] Sequential element (EXT_LPF/ACTIVE_LOW_AUX.ACT_LO_AUX/GENERATE_LEVEL_P_S_CDC.SINGLE_BIT.CROSS_PLEVEL_IN2SCNDRY_s_level_out_d6) is unused and will be removed from module proc_sys_reset.
---------------------------------------------------------------------------------
Finished Cross Boundary and Area Optimization : Time (s): cpu = 00:00:33 ; elapsed = 00:01:37 . Memory (MB): peak = 1944.238 ; gain = 409.090
---------------------------------------------------------------------------------
---------------------------------------------------------------------------------
Start Applying XDC Timing Constraints
---------------------------------------------------------------------------------
---------------------------------------------------------------------------------
Finished Applying XDC Timing Constraints : Time (s): cpu = 00:00:44 ; elapsed = 00:02:16 . Memory (MB): peak = 2307.707 ; gain = 772.559
---------------------------------------------------------------------------------
---------------------------------------------------------------------------------
Start Timing Optimization
---------------------------------------------------------------------------------
---------------------------------------------------------------------------------
Finished Timing Optimization : Time (s): cpu = 00:00:44 ; elapsed = 00:02:16 . Memory (MB): peak = 2307.707 ; gain = 772.559
---------------------------------------------------------------------------------
---------------------------------------------------------------------------------
Start Technology Mapping
---------------------------------------------------------------------------------
---------------------------------------------------------------------------------
Finished Technology Mapping : Time (s): cpu = 00:00:44 ; elapsed = 00:02:17 . Memory (MB): peak = 2336.359 ; gain = 801.211
---------------------------------------------------------------------------------
---------------------------------------------------------------------------------
Start IO Insertion
---------------------------------------------------------------------------------
---------------------------------------------------------------------------------
Start Flattening Before IO Insertion
---------------------------------------------------------------------------------
---------------------------------------------------------------------------------
Finished Flattening Before IO Insertion
---------------------------------------------------------------------------------
---------------------------------------------------------------------------------
Start Final Netlist Cleanup
---------------------------------------------------------------------------------
---------------------------------------------------------------------------------
Finished Final Netlist Cleanup
---------------------------------------------------------------------------------
---------------------------------------------------------------------------------
Finished IO Insertion : Time (s): cpu = 00:00:51 ; elapsed = 00:02:30 . Memory (MB): peak = 2336.359 ; gain = 801.211
---------------------------------------------------------------------------------
---------------------------------------------------------------------------------
Start Renaming Generated Instances
---------------------------------------------------------------------------------
---------------------------------------------------------------------------------
Finished Renaming Generated Instances : Time (s): cpu = 00:00:51 ; elapsed = 00:02:30 . Memory (MB): peak = 2336.359 ; gain = 801.211
---------------------------------------------------------------------------------
---------------------------------------------------------------------------------
Start Rebuilding User Hierarchy
---------------------------------------------------------------------------------
---------------------------------------------------------------------------------
Finished Rebuilding User Hierarchy : Time (s): cpu = 00:00:51 ; elapsed = 00:02:31 . Memory (MB): peak = 2336.359 ; gain = 801.211
---------------------------------------------------------------------------------
---------------------------------------------------------------------------------
Start Renaming Generated Ports
---------------------------------------------------------------------------------
---------------------------------------------------------------------------------
Finished Renaming Generated Ports : Time (s): cpu = 00:00:51 ; elapsed = 00:02:31 . Memory (MB): peak = 2336.359 ; gain = 801.211
---------------------------------------------------------------------------------
---------------------------------------------------------------------------------
Start Handling Custom Attributes
---------------------------------------------------------------------------------
---------------------------------------------------------------------------------
Finished Handling Custom Attributes : Time (s): cpu = 00:00:51 ; elapsed = 00:02:31 . Memory (MB): peak = 2336.359 ; gain = 801.211
---------------------------------------------------------------------------------
---------------------------------------------------------------------------------
Start Renaming Generated Nets
---------------------------------------------------------------------------------
---------------------------------------------------------------------------------
Finished Renaming Generated Nets : Time (s): cpu = 00:00:51 ; elapsed = 00:02:31 . Memory (MB): peak = 2336.359 ; gain = 801.211
---------------------------------------------------------------------------------
---------------------------------------------------------------------------------
Start Writing Synthesis Report
---------------------------------------------------------------------------------

Report BlackBoxes: 
+-+--------------+----------+
| |BlackBox name |Instances |
+-+--------------+----------+
+-+--------------+----------+

Report Cell Usage: 
+------+------+------+
|      |Cell  |Count |
+------+------+------+
|1     |LUT1  |     5|
|2     |LUT2  |     9|
|3     |LUT3  |     1|
|4     |LUT4  |     6|
|5     |LUT5  |     3|
|6     |LUT6  |     1|
|7     |SRL16 |     1|
|8     |FDR   |     8|
|9     |FDRE  |    28|
|10    |FDSE  |     4|
+------+------+------+
---------------------------------------------------------------------------------
Finished Writing Synthesis Report : Time (s): cpu = 00:00:51 ; elapsed = 00:02:31 . Memory (MB): peak = 2336.359 ; gain = 801.211
---------------------------------------------------------------------------------
Synthesis finished with 0 errors, 0 critical warnings and 5 warnings.
Synthesis Optimization Runtime : Time (s): cpu = 00:00:25 ; elapsed = 00:02:01 . Memory (MB): peak = 2336.359 ; gain = 677.043
Synthesis Optimization Complete : Time (s): cpu = 00:00:51 ; elapsed = 00:02:31 . Memory (MB): peak = 2336.359 ; gain = 801.211
INFO: [Project 1-571] Translating synthesized netlist
Netlist sorting complete. Time (s): cpu = 00:00:00 ; elapsed = 00:00:00.001 . Memory (MB): peak = 2336.359 ; gain = 0.000
INFO: [Netlist 29-17] Analyzing 9 Unisim elements for replacement
INFO: [Netlist 29-28] Unisim Transformation completed in 0 CPU seconds
INFO: [Project 1-570] Preparing netlist for logic optimization
INFO: [Opt 31-138] Pushed 0 inverter(s) to 0 load pin(s).
Netlist sorting complete. Time (s): cpu = 00:00:00 ; elapsed = 00:00:00 . Memory (MB): peak = 2391.930 ; gain = 0.000
INFO: [Project 1-111] Unisim Transformation Summary:
  A total of 9 instances were transformed.
  FDR => FDRE: 8 instances
  SRL16 => SRL16E: 1 instance 

Synth Design complete, checksum: 6f6d16d
INFO: [Common 17-83] Releasing license: Synthesis
50 Infos, 15 Warnings, 0 Critical Warnings and 0 Errors encountered.
synth_design completed successfully
synth_design: Time (s): cpu = 00:01:14 ; elapsed = 00:03:18 . Memory (MB): peak = 2391.930 ; gain = 947.672
INFO: [Common 17-1381] The checkpoint 'C:/Users/raque/OneDrive/Documentos/master/TFM/Vivado/pruebas_RF_v2/pruebas_RF.runs/design_1_proc_sys_reset_0_1_synth_1/design_1_proc_sys_reset_0_1.dcp' has been generated.
INFO: [Coretcl 2-1648] Added synthesis output to IP cache for IP design_1_proc_sys_reset_0_1, cache-ID = 5b3c57dc7f042e26
INFO: [Coretcl 2-1174] Renamed 6 cell refs.
INFO: [Common 17-1381] The checkpoint 'C:/Users/raque/OneDrive/Documentos/master/TFM/Vivado/pruebas_RF_v2/pruebas_RF.runs/design_1_proc_sys_reset_0_1_synth_1/design_1_proc_sys_reset_0_1.dcp' has been generated.
INFO: [runtcl-4] Executing : report_utilization -file design_1_proc_sys_reset_0_1_utilization_synth.rpt -pb design_1_proc_sys_reset_0_1_utilization_synth.pb
INFO: [Common 17-206] Exiting Vivado at Thu Aug 24 15:43:50 2023...
